2017-10-13 11:37:40,943 [Worker-24] WARN  o.e.a.i.i.DefaultRepositoryEventDispatcher - Failed to dispatch repository event to org.eclipse.m2e.core.internal.embedder.EclipseRepositoryListener: null
2017-10-13 11:37:42,373 [Worker-24] INFO  o.e.m.c.i.l.LifecycleMappingFactory - Using org.eclipse.m2e.jdt.JarLifecycleMapping lifecycle mapping for MavenProject: com.example:demo:0.0.1-SNAPSHOT @ C:\Workspace\VoiceFW\demo\pom.xml.
2017-10-13 11:37:42,972 [Worker-24] INFO  o.e.m.c.i.e.AbstractTransferListenerAdapter - Downloaded http://repo.fusesource.com/nexus/content/groups/public/org/springframework/boot/spring-boot-starter-data-rest/1.5.7.RELEASE/spring-boot-starter-data-rest-1.5.7.RELEASE.pom
2017-10-13 11:37:43,338 [Worker-24] INFO  o.e.m.c.i.e.AbstractTransferListenerAdapter - Downloading https://repo.maven.apache.org/maven2/org/springframework/boot/spring-boot-starter-data-rest/1.5.7.RELEASE/spring-boot-starter-data-rest-1.5.7.RELEASE.pom
2017-10-13 11:37:43,814 [Worker-24] INFO  o.e.m.c.i.e.AbstractTransferListenerAdapter - Downloaded https://repo.maven.apache.org/maven2/org/springframework/boot/spring-boot-starter-data-rest/1.5.7.RELEASE/spring-boot-starter-data-rest-1.5.7.RELEASE.pom
2017-10-13 11:37:44,665 [Worker-24] INFO  o.e.m.c.i.e.AbstractTransferListenerAdapter - Downloaded http://repo.fusesource.com/nexus/content/groups/public/org/springframework/data/spring-data-rest-webmvc/2.6.7.RELEASE/spring-data-rest-webmvc-2.6.7.RELEASE.pom
2017-10-13 11:37:44,816 [Worker-24] INFO  o.e.m.c.i.e.AbstractTransferListenerAdapter - Downloading https://repo.maven.apache.org/maven2/org/springframework/data/spring-data-rest-webmvc/2.6.7.RELEASE/spring-data-rest-webmvc-2.6.7.RELEASE.pom
2017-10-13 11:37:44,910 [Worker-24] INFO  o.e.m.c.i.e.AbstractTransferListenerAdapter - Downloaded https://repo.maven.apache.org/maven2/org/springframework/data/spring-data-rest-webmvc/2.6.7.RELEASE/spring-data-rest-webmvc-2.6.7.RELEASE.pom
2017-10-13 11:37:45,321 [Worker-24] INFO  o.e.m.c.i.e.AbstractTransferListenerAdapter - Downloaded http://repo.fusesource.com/nexus/content/groups/public/org/springframework/data/spring-data-rest-parent/2.6.7.RELEASE/spring-data-rest-parent-2.6.7.RELEASE.pom
2017-10-13 11:37:45,418 [Worker-24] INFO  o.e.m.c.i.e.AbstractTransferListenerAdapter - Downloading https://repo.maven.apache.org/maven2/org/springframework/data/spring-data-rest-parent/2.6.7.RELEASE/spring-data-rest-parent-2.6.7.RELEASE.pom
2017-10-13 11:37:45,453 [Worker-24] INFO  o.e.m.c.i.e.AbstractTransferListenerAdapter - Downloaded https://repo.maven.apache.org/maven2/org/springframework/data/spring-data-rest-parent/2.6.7.RELEASE/spring-data-rest-parent-2.6.7.RELEASE.pom
2017-10-13 11:37:46,302 [Worker-24] INFO  o.e.m.c.i.e.AbstractTransferListenerAdapter - Downloaded http://repo.fusesource.com/nexus/content/groups/public/org/springframework/data/spring-data-rest-core/2.6.7.RELEASE/spring-data-rest-core-2.6.7.RELEASE.pom
2017-10-13 11:37:46,498 [Worker-24] INFO  o.e.m.c.i.e.AbstractTransferListenerAdapter - Downloading https://repo.maven.apache.org/maven2/org/springframework/data/spring-data-rest-core/2.6.7.RELEASE/spring-data-rest-core-2.6.7.RELEASE.pom
2017-10-13 11:37:46,722 [Worker-24] INFO  o.e.m.c.i.e.AbstractTransferListenerAdapter - Downloaded https://repo.maven.apache.org/maven2/org/springframework/data/spring-data-rest-core/2.6.7.RELEASE/spring-data-rest-core-2.6.7.RELEASE.pom
2017-10-13 11:37:46,911 [Worker-24] INFO  o.e.m.c.i.e.AbstractTransferListenerAdapter - Downloaded http://repo.fusesource.com/nexus/content/groups/public/org/springframework/hateoas/spring-hateoas/0.23.0.RELEASE/spring-hateoas-0.23.0.RELEASE.pom
2017-10-13 11:37:46,978 [Worker-24] INFO  o.e.m.c.i.e.AbstractTransferListenerAdapter - Downloading https://repo.maven.apache.org/maven2/org/springframework/hateoas/spring-hateoas/0.23.0.RELEASE/spring-hateoas-0.23.0.RELEASE.pom
2017-10-13 11:37:47,044 [Worker-24] INFO  o.e.m.c.i.e.AbstractTransferListenerAdapter - Downloaded https://repo.maven.apache.org/maven2/org/springframework/hateoas/spring-hateoas/0.23.0.RELEASE/spring-hateoas-0.23.0.RELEASE.pom
2017-10-13 11:37:47,318 [Worker-24] INFO  o.e.m.c.i.e.AbstractTransferListenerAdapter - Downloaded http://repo.fusesource.com/nexus/content/groups/public/org/springframework/plugin/spring-plugin-core/1.2.0.RELEASE/spring-plugin-core-1.2.0.RELEASE.pom
2017-10-13 11:37:47,358 [Worker-24] INFO  o.e.m.c.i.e.AbstractTransferListenerAdapter - Downloading https://repo.maven.apache.org/maven2/org/springframework/plugin/spring-plugin-core/1.2.0.RELEASE/spring-plugin-core-1.2.0.RELEASE.pom
2017-10-13 11:37:47,441 [Worker-24] INFO  o.e.m.c.i.e.AbstractTransferListenerAdapter - Downloaded https://repo.maven.apache.org/maven2/org/springframework/plugin/spring-plugin-core/1.2.0.RELEASE/spring-plugin-core-1.2.0.RELEASE.pom
2017-10-13 11:37:47,631 [Worker-24] INFO  o.e.m.c.i.e.AbstractTransferListenerAdapter - Downloaded http://repo.fusesource.com/nexus/content/groups/public/org/springframework/plugin/spring-plugin/1.2.0.RELEASE/spring-plugin-1.2.0.RELEASE.pom
2017-10-13 11:37:47,928 [Worker-24] INFO  o.e.m.c.i.e.AbstractTransferListenerAdapter - Downloading https://repo.maven.apache.org/maven2/org/springframework/plugin/spring-plugin/1.2.0.RELEASE/spring-plugin-1.2.0.RELEASE.pom
2017-10-13 11:37:47,970 [Worker-24] INFO  o.e.m.c.i.e.AbstractTransferListenerAdapter - Downloaded https://repo.maven.apache.org/maven2/org/springframework/plugin/spring-plugin/1.2.0.RELEASE/spring-plugin-1.2.0.RELEASE.pom
2017-10-13 11:37:49,518 [Worker-24] INFO  o.e.m.c.i.e.AbstractTransferListenerAdapter - Downloaded http://repo.fusesource.com/nexus/content/groups/public/org/atteo/evo-inflector/1.2.2/evo-inflector-1.2.2.pom
2017-10-13 11:37:49,910 [Worker-24] INFO  o.e.m.c.i.e.AbstractTransferListenerAdapter - Downloading https://repo.maven.apache.org/maven2/org/atteo/evo-inflector/1.2.2/evo-inflector-1.2.2.pom
2017-10-13 11:37:50,141 [Worker-24] INFO  o.e.m.c.i.e.AbstractTransferListenerAdapter - Downloaded https://repo.maven.apache.org/maven2/org/atteo/evo-inflector/1.2.2/evo-inflector-1.2.2.pom
2017-10-13 11:37:50,316 [Worker-24] INFO  o.e.m.c.i.e.AbstractTransferListenerAdapter - Downloaded http://repo.fusesource.com/nexus/content/groups/public/org/atteo/parent/1.14/parent-1.14.pom
2017-10-13 11:37:50,364 [Worker-24] INFO  o.e.m.c.i.e.AbstractTransferListenerAdapter - Downloading https://repo.maven.apache.org/maven2/org/atteo/parent/1.14/parent-1.14.pom
2017-10-13 11:37:50,424 [Worker-24] INFO  o.e.m.c.i.e.AbstractTransferListenerAdapter - Downloaded https://repo.maven.apache.org/maven2/org/atteo/parent/1.14/parent-1.14.pom
2017-10-13 11:37:50,800 [Worker-24] INFO  o.e.m.c.i.e.AbstractTransferListenerAdapter - Downloaded http://repo.fusesource.com/nexus/content/groups/public/org/springframework/boot/spring-boot-starter-data-rest/1.5.7.RELEASE/spring-boot-starter-data-rest-1.5.7.RELEASE.jar
2017-10-13 11:37:50,954 [Worker-24] INFO  o.e.m.c.i.e.AbstractTransferListenerAdapter - Downloaded http://repo.fusesource.com/nexus/content/groups/public/org/springframework/data/spring-data-rest-webmvc/2.6.7.RELEASE/spring-data-rest-webmvc-2.6.7.RELEASE.jar
2017-10-13 11:37:51,118 [Worker-24] INFO  o.e.m.c.i.e.AbstractTransferListenerAdapter - Downloaded http://repo.fusesource.com/nexus/content/groups/public/org/springframework/data/spring-data-rest-core/2.6.7.RELEASE/spring-data-rest-core-2.6.7.RELEASE.jar
2017-10-13 11:37:51,277 [Worker-24] INFO  o.e.m.c.i.e.AbstractTransferListenerAdapter - Downloaded http://repo.fusesource.com/nexus/content/groups/public/org/springframework/hateoas/spring-hateoas/0.23.0.RELEASE/spring-hateoas-0.23.0.RELEASE.jar
2017-10-13 11:37:51,434 [Worker-24] INFO  o.e.m.c.i.e.AbstractTransferListenerAdapter - Downloaded http://repo.fusesource.com/nexus/content/groups/public/org/springframework/plugin/spring-plugin-core/1.2.0.RELEASE/spring-plugin-core-1.2.0.RELEASE.jar
2017-10-13 11:37:51,588 [Worker-24] INFO  o.e.m.c.i.e.AbstractTransferListenerAdapter - Downloaded http://repo.fusesource.com/nexus/content/groups/public/org/atteo/evo-inflector/1.2.2/evo-inflector-1.2.2.jar
2017-10-13 11:37:51,939 [Worker-24] INFO  o.e.m.c.i.e.AbstractTransferListenerAdapter - Downloading https://repo.maven.apache.org/maven2/org/springframework/boot/spring-boot-starter-data-rest/1.5.7.RELEASE/spring-boot-starter-data-rest-1.5.7.RELEASE.jar
2017-10-13 11:37:51,975 [Worker-24] INFO  o.e.m.c.i.e.AbstractTransferListenerAdapter - Downloaded https://repo.maven.apache.org/maven2/org/springframework/boot/spring-boot-starter-data-rest/1.5.7.RELEASE/spring-boot-starter-data-rest-1.5.7.RELEASE.jar
2017-10-13 11:37:51,998 [Worker-24] INFO  o.e.m.c.i.e.AbstractTransferListenerAdapter - Downloading https://repo.maven.apache.org/maven2/org/springframework/data/spring-data-rest-webmvc/2.6.7.RELEASE/spring-data-rest-webmvc-2.6.7.RELEASE.jar
2017-10-13 11:37:52,260 [Worker-24] INFO  o.e.m.c.i.e.AbstractTransferListenerAdapter - Downloaded https://repo.maven.apache.org/maven2/org/springframework/data/spring-data-rest-webmvc/2.6.7.RELEASE/spring-data-rest-webmvc-2.6.7.RELEASE.jar
2017-10-13 11:37:52,291 [Worker-24] INFO  o.e.m.c.i.e.AbstractTransferListenerAdapter - Downloading https://repo.maven.apache.org/maven2/org/springframework/data/spring-data-rest-core/2.6.7.RELEASE/spring-data-rest-core-2.6.7.RELEASE.jar
2017-10-13 11:37:52,392 [Worker-24] INFO  o.e.m.c.i.e.AbstractTransferListenerAdapter - Downloaded https://repo.maven.apache.org/maven2/org/springframework/data/spring-data-rest-core/2.6.7.RELEASE/spring-data-rest-core-2.6.7.RELEASE.jar
2017-10-13 11:37:52,422 [Worker-24] INFO  o.e.m.c.i.e.AbstractTransferListenerAdapter - Downloading https://repo.maven.apache.org/maven2/org/springframework/hateoas/spring-hateoas/0.23.0.RELEASE/spring-hateoas-0.23.0.RELEASE.jar
2017-10-13 11:37:52,539 [Worker-24] INFO  o.e.m.c.i.e.AbstractTransferListenerAdapter - Downloaded https://repo.maven.apache.org/maven2/org/springframework/hateoas/spring-hateoas/0.23.0.RELEASE/spring-hateoas-0.23.0.RELEASE.jar
2017-10-13 11:37:52,553 [Worker-24] INFO  o.e.m.c.i.e.AbstractTransferListenerAdapter - Downloading https://repo.maven.apache.org/maven2/org/springframework/plugin/spring-plugin-core/1.2.0.RELEASE/spring-plugin-core-1.2.0.RELEASE.jar
2017-10-13 11:37:52,592 [Worker-24] INFO  o.e.m.c.i.e.AbstractTransferListenerAdapter - Downloaded https://repo.maven.apache.org/maven2/org/springframework/plugin/spring-plugin-core/1.2.0.RELEASE/spring-plugin-core-1.2.0.RELEASE.jar
2017-10-13 11:37:52,617 [Worker-24] INFO  o.e.m.c.i.e.AbstractTransferListenerAdapter - Downloading https://repo.maven.apache.org/maven2/org/atteo/evo-inflector/1.2.2/evo-inflector-1.2.2.jar
2017-10-13 11:37:52,649 [Worker-24] INFO  o.e.m.c.i.e.AbstractTransferListenerAdapter - Downloaded https://repo.maven.apache.org/maven2/org/atteo/evo-inflector/1.2.2/evo-inflector-1.2.2.jar
2017-10-13 11:37:53,066 [Worker-24] WARN  o.e.a.i.i.DefaultRepositoryEventDispatcher - Failed to dispatch repository event to org.eclipse.m2e.core.internal.embedder.EclipseRepositoryListener: null
2017-10-13 11:37:55,205 [Worker-24] WARN  o.e.a.i.i.DefaultRepositoryEventDispatcher - Failed to dispatch repository event to org.eclipse.m2e.core.internal.embedder.EclipseRepositoryListener: null
2017-10-13 11:37:59,922 [Worker-24] INFO  o.e.m.j.i.AbstractJavaProjectConfigurator - Adding source folder /demo/src/main/java
2017-10-13 11:37:59,923 [Worker-24] INFO  o.e.m.j.i.AbstractJavaProjectConfigurator - Adding resource folder /demo/src/main/resources
2017-10-13 11:38:00,124 [Worker-24] INFO  o.e.m.j.i.AbstractJavaProjectConfigurator - Adding resource folder /demo/src/main/resources
2017-10-13 11:38:00,146 [Worker-24] INFO  o.e.m.j.i.AbstractJavaProjectConfigurator - Adding source folder /demo/src/test/java
2017-10-13 11:38:03,369 [Worker-24] INFO  o.e.m.c.i.p.ProjectConfigurationManager - Imported and configured 1 project(s) in 27 sec
2017-10-13 11:38:03,372 [Worker-24] INFO  o.e.m.c.i.p.ProjectConfigurationManager - Update started
2017-10-13 11:38:04,555 [Worker-24] INFO  o.e.m.c.i.l.LifecycleMappingFactory - Using org.eclipse.m2e.jdt.JarLifecycleMapping lifecycle mapping for MavenProject: com.example:demo:0.0.1-SNAPSHOT @ C:\Workspace\VoiceFW\demo\pom.xml.
2017-10-13 11:38:06,484 [Worker-24] INFO  o.e.m.j.i.AbstractJavaProjectConfigurator - Adding source folder /demo/src/main/java
2017-10-13 11:38:06,485 [Worker-24] INFO  o.e.m.j.i.AbstractJavaProjectConfigurator - Adding resource folder /demo/src/main/resources
2017-10-13 11:38:06,486 [Worker-24] INFO  o.e.m.j.i.AbstractJavaProjectConfigurator - Adding resource folder /demo/src/main/resources
2017-10-13 11:38:06,487 [Worker-24] INFO  o.e.m.j.i.AbstractJavaProjectConfigurator - Adding source folder /demo/src/test/java
2017-10-13 11:38:07,036 [Worker-24] INFO  o.e.m.c.i.p.ProjectConfigurationManager - Update completed: 3 sec
2017-10-13 11:38:13,363 [Worker-7] INFO  o.e.m.c.i.embedder.EclipseLogger - Using 'UTF-8' encoding to copy filtered resources.
2017-10-13 11:38:13,370 [Worker-7] INFO  o.e.m.c.i.embedder.EclipseLogger - Copying 1 resource
2017-10-13 11:38:14,196 [Worker-7] INFO  o.e.m.c.i.embedder.EclipseLogger - Copying 0 resource
2017-10-13 11:38:14,200 [Worker-7] INFO  o.e.m.c.i.embedder.EclipseLogger - Using 'UTF-8' encoding to copy filtered resources.
2017-10-13 11:38:14,201 [Worker-7] INFO  o.e.m.c.i.embedder.EclipseLogger - skip non existing resourceDirectory C:\Workspace\VoiceFW\demo\src\test\resources
2017-10-13 11:42:25,570 [Worker-31] INFO  o.e.m.c.i.l.LifecycleMappingFactory - Using org.eclipse.m2e.jdt.JarLifecycleMapping lifecycle mapping for MavenProject: com.example:demo:0.0.1-SNAPSHOT @ C:\Workspace\VoiceFW\VoiceFW\pom.xml.
2017-10-13 11:42:29,515 [Worker-31] INFO  o.e.m.c.i.embedder.EclipseLogger - Using 'UTF-8' encoding to copy filtered resources.
2017-10-13 11:42:29,517 [Worker-31] INFO  o.e.m.c.i.embedder.EclipseLogger - Copying 1 resource
2017-10-13 11:42:30,169 [Worker-31] INFO  o.e.m.c.i.embedder.EclipseLogger - Copying 0 resource
2017-10-13 11:42:30,173 [Worker-31] INFO  o.e.m.c.i.embedder.EclipseLogger - Using 'UTF-8' encoding to copy filtered resources.
2017-10-13 11:42:30,173 [Worker-31] INFO  o.e.m.c.i.embedder.EclipseLogger - skip non existing resourceDirectory C:\Workspace\VoiceFW\VoiceFW\src\test\resources
2017-10-13 11:44:16,755 [Worker-23] INFO  o.e.m.c.i.l.LifecycleMappingFactory - Using org.eclipse.m2e.jdt.JarLifecycleMapping lifecycle mapping for MavenProject: com.voicefw:VoiceFW:0.1 @ C:\Workspace\VoiceFW\VoiceFW\pom.xml.
2017-10-13 11:44:21,428 [Worker-23] INFO  o.e.m.j.i.AbstractJavaProjectConfigurator - Adding source folder /VoiceFW/src/main/java
2017-10-13 11:44:21,428 [Worker-23] INFO  o.e.m.j.i.AbstractJavaProjectConfigurator - Adding resource folder /VoiceFW/src/main/resources
2017-10-13 11:44:21,457 [Worker-23] INFO  o.e.m.j.i.AbstractJavaProjectConfigurator - Adding resource folder /VoiceFW/src/main/resources
2017-10-13 11:44:21,482 [Worker-23] INFO  o.e.m.j.i.AbstractJavaProjectConfigurator - Adding source folder /VoiceFW/src/test/java
2017-10-13 11:44:22,791 [Worker-23] INFO  o.e.m.c.i.p.ProjectConfigurationManager - Imported and configured 1 project(s) in 7 sec
2017-10-13 11:44:22,793 [Worker-23] INFO  o.e.m.c.i.p.ProjectConfigurationManager - Update started
2017-10-13 11:44:25,050 [Worker-23] INFO  o.e.m.c.i.l.LifecycleMappingFactory - Using org.eclipse.m2e.jdt.JarLifecycleMapping lifecycle mapping for MavenProject: com.voicefw:VoiceFW:0.1 @ C:\Workspace\VoiceFW\VoiceFW\pom.xml.
2017-10-13 11:44:32,009 [Worker-23] INFO  o.e.m.j.i.AbstractJavaProjectConfigurator - Adding source folder /VoiceFW/src/main/java
2017-10-13 11:44:32,010 [Worker-23] INFO  o.e.m.j.i.AbstractJavaProjectConfigurator - Adding resource folder /VoiceFW/src/main/resources
2017-10-13 11:44:32,012 [Worker-23] INFO  o.e.m.j.i.AbstractJavaProjectConfigurator - Adding resource folder /VoiceFW/src/main/resources
2017-10-13 11:44:32,015 [Worker-23] INFO  o.e.m.j.i.AbstractJavaProjectConfigurator - Adding source folder /VoiceFW/src/test/java
2017-10-13 11:44:32,228 [Worker-23] INFO  o.e.m.c.i.p.ProjectConfigurationManager - Update completed: 9 sec
2017-10-13 11:44:35,018 [Worker-25] INFO  o.e.m.c.i.embedder.EclipseLogger - Using 'UTF-8' encoding to copy filtered resources.
2017-10-13 11:44:35,020 [Worker-25] INFO  o.e.m.c.i.embedder.EclipseLogger - Copying 1 resource
2017-10-13 11:44:35,041 [Worker-25] INFO  o.e.m.c.i.embedder.EclipseLogger - Copying 0 resource
2017-10-13 11:44:35,045 [Worker-25] INFO  o.e.m.c.i.embedder.EclipseLogger - Using 'UTF-8' encoding to copy filtered resources.
2017-10-13 11:44:35,045 [Worker-25] INFO  o.e.m.c.i.embedder.EclipseLogger - skip non existing resourceDirectory C:\Workspace\VoiceFW\VoiceFW\src\test\resources
2017-10-13 11:50:24,178 [Worker-32] INFO  o.e.m.c.i.embedder.EclipseLogger - Using 'UTF-8' encoding to copy filtered resources.
2017-10-13 11:50:24,386 [Worker-32] INFO  o.e.m.c.i.embedder.EclipseLogger - Copying 1 resource
2017-10-13 11:50:24,388 [Worker-32] INFO  o.e.m.c.i.embedder.EclipseLogger - Copying 0 resource
2017-10-13 11:50:24,391 [Worker-32] INFO  o.e.m.c.i.embedder.EclipseLogger - Using 'UTF-8' encoding to copy filtered resources.
2017-10-13 11:50:24,391 [Worker-32] INFO  o.e.m.c.i.embedder.EclipseLogger - skip non existing resourceDirectory C:\Workspace\VoiceFW\VoiceFW\src\test\resources
2017-10-13 11:51:01,264 [Worker-32] INFO  o.e.m.c.i.embedder.EclipseLogger - Using 'UTF-8' encoding to copy filtered resources.
2017-10-13 11:51:01,265 [Worker-32] INFO  o.e.m.c.i.embedder.EclipseLogger - Copying 1 resource
2017-10-13 11:51:01,266 [Worker-32] INFO  o.e.m.c.i.embedder.EclipseLogger - Copying 0 resource
2017-10-13 11:51:01,268 [Worker-32] INFO  o.e.m.c.i.embedder.EclipseLogger - Using 'UTF-8' encoding to copy filtered resources.
2017-10-13 11:51:01,268 [Worker-32] INFO  o.e.m.c.i.embedder.EclipseLogger - skip non existing resourceDirectory C:\Workspace\VoiceFW\VoiceFW\src\test\resources
2017-10-13 11:51:22,908 [Worker-29] INFO  o.e.m.c.i.embedder.EclipseLogger - Using 'UTF-8' encoding to copy filtered resources.
2017-10-13 11:51:22,910 [Worker-29] INFO  o.e.m.c.i.embedder.EclipseLogger - Copying 1 resource
2017-10-13 11:51:22,912 [Worker-29] INFO  o.e.m.c.i.embedder.EclipseLogger - Copying 0 resource
2017-10-13 11:51:22,915 [Worker-29] INFO  o.e.m.c.i.embedder.EclipseLogger - Using 'UTF-8' encoding to copy filtered resources.
2017-10-13 11:51:22,915 [Worker-29] INFO  o.e.m.c.i.embedder.EclipseLogger - skip non existing resourceDirectory C:\Workspace\VoiceFW\VoiceFW\src\test\resources
2017-10-13 11:52:19,528 [Worker-32] INFO  o.e.m.c.i.l.LifecycleMappingFactory - Using org.eclipse.m2e.jdt.JarLifecycleMapping lifecycle mapping for MavenProject: com.voicefw:VoiceFW:0.1 @ C:\Workspace\VoiceFW\VoiceFW\pom.xml.
2017-10-13 11:52:20,344 [Worker-32] INFO  o.e.m.c.i.embedder.EclipseLogger - Using 'UTF-8' encoding to copy filtered resources.
2017-10-13 11:52:20,347 [Worker-32] INFO  o.e.m.c.i.embedder.EclipseLogger - Copying 0 resource
2017-10-13 11:52:20,347 [Worker-32] INFO  o.e.m.c.i.embedder.EclipseLogger - Copying 0 resource
2017-10-13 11:52:20,351 [Worker-32] INFO  o.e.m.c.i.embedder.EclipseLogger - Using 'UTF-8' encoding to copy filtered resources.
2017-10-13 11:52:20,351 [Worker-32] INFO  o.e.m.c.i.embedder.EclipseLogger - skip non existing resourceDirectory C:\Workspace\VoiceFW\VoiceFW\src\test\resources
2017-10-13 11:52:23,688 [Worker-34] INFO  o.e.m.c.i.embedder.EclipseLogger - Using 'UTF-8' encoding to copy filtered resources.
2017-10-13 11:52:23,690 [Worker-34] INFO  o.e.m.c.i.embedder.EclipseLogger - Copying 1 resource
2017-10-13 11:52:23,705 [Worker-34] INFO  o.e.m.c.i.embedder.EclipseLogger - Copying 0 resource
2017-10-13 11:52:23,707 [Worker-34] INFO  o.e.m.c.i.embedder.EclipseLogger - Using 'UTF-8' encoding to copy filtered resources.
2017-10-13 11:52:23,707 [Worker-34] INFO  o.e.m.c.i.embedder.EclipseLogger - skip non existing resourceDirectory C:\Workspace\VoiceFW\VoiceFW\src\test\resources
2017-10-13 11:58:12,572 [Worker-36] INFO  o.e.m.c.i.embedder.EclipseLogger - Using 'UTF-8' encoding to copy filtered resources.
2017-10-13 11:58:12,573 [Worker-36] INFO  o.e.m.c.i.embedder.EclipseLogger - Copying 1 resource
2017-10-13 11:58:12,575 [Worker-36] INFO  o.e.m.c.i.embedder.EclipseLogger - Copying 0 resource
2017-10-13 11:58:12,578 [Worker-36] INFO  o.e.m.c.i.embedder.EclipseLogger - Using 'UTF-8' encoding to copy filtered resources.
2017-10-13 11:58:12,578 [Worker-36] INFO  o.e.m.c.i.embedder.EclipseLogger - skip non existing resourceDirectory C:\Workspace\VoiceFW\VoiceFW\src\test\resources
2017-10-13 12:03:31,132 [Worker-38] INFO  o.e.m.c.i.embedder.EclipseLogger - Using 'UTF-8' encoding to copy filtered resources.
2017-10-13 12:03:31,133 [Worker-38] INFO  o.e.m.c.i.embedder.EclipseLogger - Copying 1 resource
